commit 83e40b784d40a26b39842377f435d671a2286c37
Author: Juan Ramos <jd.ramosf@gmail.com>
Date:   Thu Mar 23 19:13:35 2017 -0500

    Closes issue #20

commit c1a104394e324d34beb15d94fb473398191329b8
Author: Juan Ramos <jd.ramosf@gmail.com>
Date:   Thu Mar 23 19:01:56 2017 -0500

    Closes issue #9 and fixes other minor details

commit 54fad4867faf2cce1d00417c5b0b4a113174c33e
Author: DESKTOP-N5H5QH2\Hyun Song <sshjoo93@gmail.com>
Date:   Thu Mar 23 18:10:12 2017 -0500

    Edited about page and added more pictures

commit 513bdef71b681813c531fcac369fd45cb98ad44c
Author: Juan Ramos <jd.ramosf@gmail.com>
Date:   Thu Mar 23 17:54:40 2017 -0500

    Closes #19 issue

commit b869baa0efd459fa020ccabff75ec8453faece4c
Author: Juan Ramos <jd.ramosf@gmail.com>
Date:   Thu Mar 23 13:55:33 2017 -0500

    Added image for banner

commit 9754fa704280cdf1a24ce117b959289a9b7eaa46
Author: Juan Ramos <jd.ramosf@gmail.com>
Date:   Thu Mar 23 13:50:43 2017 -0500

    Renamed files for accessibility, fixed navbar, added banner, and other minor changes

commit 4a029dc49348cb3211a55777e3892f2441594148
Author: Bella Shah <bellashah@wireless-10-148-28-182.public.utexas.edu>
Date:   Thu Mar 23 00:44:51 2017 -0500

    Updated About.html page

commit 31b7f5b705b23faefeb7192b71b7b984c778da9a
Author: Bella Shah <bellashah@wireless-10-148-28-182.public.utexas.edu>
Date:   Thu Mar 23 00:24:49 2017 -0500

    Added About.html page, edited CSS

commit bb9005dfb813869e6cf632162ea0bef49ad64335
Author: Bella Shah <bellashah@wireless-10-148-28-182.public.utexas.edu>
Date:   Wed Mar 22 23:05:39 2017 -0500

    Fixed Navigation bar

commit a372aae0cb421e1c3ba880e33d89c0c0e24c35de
Author: Bella Shah <bellashah@wireless-10-148-28-182.public.utexas.edu>
Date:   Wed Mar 22 22:57:27 2017 -0500

    Finished all linkable pages

commit 8c44bc4bdfa99dc2e949e814a8ef67ac94f6f94c
Author: Juan Ramos <jd.ramosf@gmail.com>
Date:   Wed Mar 22 15:02:35 2017 -0500

    Modified models and added rest of data

commit afc383bbd360cfaae5029b2a0e88a2991a66667b
Author: Bella Shah <bellashah@wireless-10-147-84-52.public.utexas.edu>
Date:   Wed Mar 22 00:50:50 2017 -0500

    Added pages for COL and FTL

commit 3e24c8fddb967d9d3eca622fd66a8cfa99ec9103
Author: DESKTOP-N5H5QH2\Hyun Song <sshjoo93@gmail.com>
Date:   Tue Mar 21 19:27:26 2017 -0500

    032117-Ananya, Hyunjoo
    
    Changes in index

commit 389075c286fd61a22ff77b497797120d8d1fd10e
Author: Bella Shah <bellashah@wireless-10-147-84-52.public.utexas.edu>
Date:   Tue Mar 21 19:17:25 2017 -0500

    Completed CSS and html for model template

commit b778d2ec8057e3cd770068451041814d07968a50
Author: Juan Ramos <jd.ramosf@gmail.com>
Date:   Tue Mar 21 15:55:10 2017 -0500

    Added initial website structure

commit 1b43b0a047d0b25e556fd3ba203f8d9740100692
Merge: e0c7433 a266697
Author: Juan Ramos <jdramosf@users.noreply.github.com>
Date:   Sat Mar 18 15:58:51 2017 -0500

    Merge pull request #7 from dorishui/dev
    
    Added dev brach with index.html file

commit a266697f5a83c49a1476273a988ee5b4efe57460
Author: Juan Ramos <jd.ramosf@gmail.com>
Date:   Sat Mar 18 15:55:20 2017 -0500

    Added dev brach with index.html file

commit e0c7433635652d113d430ac0772c2bd91289757f
Author: Juan Ramos <jdramosf@users.noreply.github.com>
Date:   Sat Mar 18 15:37:07 2017 -0500

    Update CNAME
    
    Changed domain name

commit a19028264c6c234198987f030d25f322712e069d
Author: Doris Hui <dorishui@users.noreply.github.com>
Date:   Sat Mar 18 15:24:11 2017 -0500

    Create CNAME

commit e15a47641f0cda589ae90f24c1cd70741ce054b0
Author: Doris Hui <dorishui@users.noreply.github.com>
Date:   Thu Mar 9 16:30:20 2017 -0600

    Initial commit
